<?xml version="1.0" encoding="UTF-8"?>
<!-- Generated by org.testng.reporters.JUnitXMLReporter -->
<testsuite hostname="Rahuls-MacBook-Pro.local" ignored="0" name="Default test" tests="3" failures="0" timestamp="2020-07-21T22:38:51 IST" time="5.549" errors="0">
  <testcase name="verifyUserIsAbleToFemaleCheckBox" time="1.899" classname="testCases.TestCustomizeWebPage"/>
  <testcase name="verifyUserIsAbleToSelectJapan" time="1.427" classname="testCases.TestCustomizeWebPage"/>
  <testcase name="verifyUserIsAbleToSelectSeleniumFromDropDown" time="1.407" classname="testCases.TestCustomizeWebPage"/>
</testsuite> <!-- Default test -->
