<?xml version="1.0" encoding="UTF-8"?>
<testng-results skipped="0" failed="0" ignored="0" total="1" passed="1">
  <reporter-output>
  </reporter-output>
  <suite name="Default suite" duration-ms="8015" started-at="2020-07-15T23:03:44 IST" finished-at="2020-07-15T23:03:52 IST">
    <groups>
    </groups>
    <test name="Default test" duration-ms="8015" started-at="2020-07-15T23:03:44 IST" finished-at="2020-07-15T23:03:52 IST">
      <class name="testCases.VerifyUserIsAbleToAddItem">
        <test-method status="PASS" signature="createAnItemSuccessfully()[pri:0, instance:testCases.VerifyUserIsAbleToAddItem@6321e813]" name="createAnItemSuccessfully" duration-ms="7977" started-at="2020-07-15T23:03:44 IST" finished-at="2020-07-15T23:03:52 IST">
          <reporter-output>
          </reporter-output>
        </test-method> <!-- createAnItemSuccessfully -->
      </class> <!-- testCases.VerifyUserIsAbleToAddItem -->
    </test> <!-- Default test -->
  </suite> <!-- Default suite -->
</testng-results>
