<?xml version="1.0" encoding="UTF-8"?>
<testng-results skipped="0" failed="0" ignored="0" total="1" passed="1">
  <reporter-output>
  </reporter-output>
  <suite name="Default suite" duration-ms="1899" started-at="2020-07-05T11:36:52 IST" finished-at="2020-07-05T11:36:54 IST">
    <groups>
    </groups>
    <test name="Default test" duration-ms="1899" started-at="2020-07-05T11:36:52 IST" finished-at="2020-07-05T11:36:54 IST">
      <class name="testCases.TestCustomizeWebPage">
        <test-method status="PASS" signature="verifyUserIsAbleToSelctRadioCheckBoxAndDropDownValue()[pri:0, instance:testCases.TestCustomizeWebPage@4524411f]" name="verifyUserIsAbleToSelctRadioCheckBoxAndDropDownValue" duration-ms="1862" started-at="2020-07-05T11:36:52 IST" finished-at="2020-07-05T11:36:54 IST">
          <reporter-output>
          </reporter-output>
        </test-method> <!-- verifyUserIsAbleToSelctRadioCheckBoxAndDropDownValue -->
      </class> <!-- testCases.TestCustomizeWebPage -->
    </test> <!-- Default test -->
  </suite> <!-- Default suite -->
</testng-results>
